<?xml version="1.0" encoding="utf-8"?><testsuites name="pytest tests"><testsuite name="pytest" errors="0" failures="0" skipped="0" tests="18" time="6.325" timestamp="2026-02-03T21:42:51.019881+00:00" hostname="agent-env-ef4f0029-b84e-42c5-be91-ac4e6dc1e518"><testcase classname="backend.tests.test_pdf_upload_features.TestAuthentication" name="test_admin_login_success" time="0.329" /><testcase classname="backend.tests.test_pdf_upload_features.TestPreviewPDF" name="test_preview_pdf_returns_200" time="0.381" /><testcase classname="backend.tests.test_pdf_upload_features.TestPreviewPDF" name="test_preview_pdf_returns_requisitante_fields" time="0.329" /><testcase classname="backend.tests.test_pdf_upload_features.TestPreviewPDF" name="test_preview_pdf_returns_cnpj_and_data_entrega" time="0.328" /><testcase classname="backend.tests.test_pdf_upload_features.TestPreviewPDF" name="test_preview_pdf_items_have_reference_data" time="0.363" /><testcase classname="backend.tests.test_pdf_upload_features.TestUploadPDF" name="test_upload_pdf_creates_oc" time="0.319" /><testcase classname="backend.tests.test_pdf_upload_features.TestUploadPDF" name="test_upload_pdf_fills_requisitante_fields" time="0.400" /><testcase classname="backend.tests.test_pdf_upload_features.TestUploadPDF" name="test_upload_pdf_fills_cnpj_and_data_entrega" time="0.360" /><testcase classname="backend.tests.test_pdf_upload_features.TestUploadPDF" name="test_upload_pdf_fills_endereco_entrega" time="0.369" /><testcase classname="backend.tests.test_pdf_upload_features.TestUploadPDF" name="test_upload_pdf_items_have_reference_data" time="0.357" /><testcase classname="backend.tests.test_pdf_upload_features.TestUploadPDF" name="test_upload_pdf_saves_pdf_for_download" time="0.359" /><testcase classname="backend.tests.test_pdf_upload_features.TestDownloadPDF" name="test_download_pdf_returns_pdf" time="0.365" /><testcase classname="backend.tests.test_pdf_upload_features.TestDownloadPDF" name="test_download_pdf_returns_valid_pdf_content" time="0.362" /><testcase classname="backend.tests.test_pdf_upload_features.TestDownloadPDF" name="test_download_pdf_404_for_nonexistent_oc" time="0.309" /><testcase classname="backend.tests.test_pdf_upload_features.TestDownloadPDF" name="test_download_pdf_requires_auth" time="0.036" /><testcase classname="backend.tests.test_pdf_upload_features.TestHasPDF" name="test_has_pdf_returns_correct_structure" time="0.600" /><testcase classname="backend.tests.test_pdf_upload_features.TestHealthAndVersion" name="test_api_root" time="0.078" /><testcase classname="backend.tests.test_pdf_upload_features.TestHealthAndVersion" name="test_version_endpoint" time="0.600" /></testsuite></testsuites>