<?xml version="1.0" encoding="utf-8"?><testsuites name="pytest tests"><testsuite name="pytest" errors="0" failures="0" skipped="0" tests="13" time="0.632" timestamp="2026-01-21T22:00:57.026167+00:00" hostname="agent-env-f5b0f3dc-fd16-4b9e-8198-a662075ed93a"><testcase classname="tests.test_estoque_bugs.TestEstoqueEndpoint" name="test_estoque_endpoint_returns_200" time="0.355" /><testcase classname="tests.test_estoque_bugs.TestEstoqueEndpoint" name="test_estoque_has_items" time="0.013" /><testcase classname="tests.test_estoque_bugs.TestEstoqueEndpoint" name="test_estoque_item_114641_exists" time="0.017" /><testcase classname="tests.test_estoque_bugs.TestEstoqueEndpoint" name="test_estoque_item_has_origin_oc" time="0.012" /><testcase classname="tests.test_estoque_bugs.TestEstoqueMapaEndpoint" name="test_estoque_mapa_returns_200" time="0.053" /><testcase classname="tests.test_estoque_bugs.TestEstoqueMapaEndpoint" name="test_estoque_mapa_returns_dict" time="0.013" /><testcase classname="tests.test_estoque_bugs.TestEstoqueMapaEndpoint" name="test_estoque_mapa_has_item_114641" time="0.011" /><testcase classname="tests.test_estoque_bugs.TestLucroCalculation" name="test_get_oc_with_item_114641" time="0.008" /><testcase classname="tests.test_estoque_bugs.TestLucroCalculation" name="test_item_114641_lucro_is_positive" time="0.008" /><testcase classname="tests.test_estoque_bugs.TestLucroCalculation" name="test_item_114641_lucro_is_correct" time="0.013" /><testcase classname="tests.test_estoque_bugs.TestLucroCalculation" name="test_lucro_uses_quantidade_necessaria" time="0.010" /><testcase classname="tests.test_estoque_bugs.TestPlanilhaItensEndpoint" name="test_planilha_itens_returns_200" time="0.028" /><testcase classname="tests.test_estoque_bugs.TestPlanilhaItensEndpoint" name="test_planilha_itens_has_statistics" time="0.028" /></testsuite></testsuites>