<?xml version="1.0" encoding="utf-8"?><testsuites name="pytest tests"><testsuite name="pytest" errors="0" failures="0" skipped="0" tests="9" time="3.482" timestamp="2026-01-08T21:09:00.557501+00:00" hostname="agent-env-434b582b-9f31-4058-b7ac-e21798267640"><testcase classname="tests.test_frete_fields.TestAuthentication" name="test_admin_login" time="0.318" /><testcase classname="tests.test_frete_fields.TestAuthentication" name="test_user_login" time="0.261" /><testcase classname="tests.test_frete_fields.TestFreteFieldsBackend" name="test_get_purchase_order_has_frete_fields" time="0.295" /><testcase classname="tests.test_frete_fields.TestFreteFieldsBackend" name="test_admin_can_update_frete_compra" time="0.342" /><testcase classname="tests.test_frete_fields.TestFreteFieldsBackend" name="test_admin_can_update_frete_envio" time="0.386" /><testcase classname="tests.test_frete_fields.TestFreteFieldsBackend" name="test_user_can_update_frete_compra" time="0.374" /><testcase classname="tests.test_frete_fields.TestFreteFieldsBackend" name="test_user_cannot_update_frete_envio" time="0.804" /><testcase classname="tests.test_frete_fields.TestLucroLiquidoCalculation" name="test_lucro_liquido_calculation_with_fretes" time="0.335" /><testcase classname="tests.test_frete_fields.TestAdminSummaryEndpoint" name="test_admin_summary_has_frete_fields" time="0.302" /></testsuite></testsuites>