<?xml version="1.0" encoding="utf-8"?><testsuites name="pytest tests"><testsuite name="pytest" errors="0" failures="0" skipped="0" tests="14" time="5.445" timestamp="2026-01-27T15:10:13.534126+00:00" hostname="agent-env-b8b9307f-b60f-4c58-a106-953f02cf4c17"><testcase classname="backend.tests.test_p0_bugs.TestAuthentication" name="test_admin_login_success" time="0.352" /><testcase classname="backend.tests.test_p0_bugs.TestAuthentication" name="test_login_invalid_credentials" time="0.079" /><testcase classname="backend.tests.test_p0_bugs.TestAdminNotasFiscais" name="test_admin_notas_fiscais_returns_200" time="0.327" /><testcase classname="backend.tests.test_p0_bugs.TestAdminNotasFiscais" name="test_admin_notas_fiscais_structure" time="0.333" /><testcase classname="backend.tests.test_p0_bugs.TestAdminNotasFiscais" name="test_admin_notas_fiscais_compra_fields" time="0.326" /><testcase classname="backend.tests.test_p0_bugs.TestAdminNotasFiscais" name="test_admin_notas_fiscais_requires_admin" time="0.035" /><testcase classname="backend.tests.test_p0_bugs.TestRastreioAPI" name="test_rastreio_valid_code_format" time="0.968" /><testcase classname="backend.tests.test_p0_bugs.TestRastreioAPI" name="test_rastreio_returns_link_when_unavailable" time="0.947" /><testcase classname="backend.tests.test_p0_bugs.TestRastreioAPI" name="test_rastreio_requires_auth" time="0.037" /><testcase classname="backend.tests.test_p0_bugs.TestPurchaseOrdersWithNFs" name="test_get_purchase_orders_list" time="0.352" /><testcase classname="backend.tests.test_p0_bugs.TestPurchaseOrdersWithNFs" name="test_get_single_purchase_order_structure" time="0.357" /><testcase classname="backend.tests.test_p0_bugs.TestPurchaseOrdersWithNFs" name="test_purchase_order_items_have_nf_field" time="0.371" /><testcase classname="backend.tests.test_p0_bugs.TestHealthAndVersion" name="test_api_root" time="0.049" /><testcase classname="backend.tests.test_p0_bugs.TestHealthAndVersion" name="test_version_endpoint" time="0.840" /></testsuite></testsuites>