<?xml version="1.0" encoding="utf-8"?><testsuites name="pytest tests"><testsuite name="pytest" errors="0" failures="0" skipped="0" tests="11" time="3.218" timestamp="2026-02-02T12:29:19.286476+00:00" hostname="agent-env-2c3b6dfa-01c8-4cc8-85c2-3a2653cc5cd7"><testcase classname="backend.tests.test_new_features.TestAuthentication" name="test_admin_login_success" time="0.360" /><testcase classname="backend.tests.test_new_features.TestAdminNotasFiscais" name="test_notas_fiscais_returns_200" time="0.352" /><testcase classname="backend.tests.test_new_features.TestAdminNotasFiscais" name="test_notas_fiscais_structure" time="0.333" /><testcase classname="backend.tests.test_new_features.TestAdminNotasFiscais" name="test_nfs_venda_have_duplicate_fields" time="0.326" /><testcase classname="backend.tests.test_new_features.TestAdminNotasFiscais" name="test_nfs_compra_have_duplicate_fields" time="0.333" /><testcase classname="backend.tests.test_new_features.TestAdminNotasFiscais" name="test_notas_duplicadas_structure" time="0.328" /><testcase classname="backend.tests.test_new_features.TestPurchaseOrdersWithNFs" name="test_items_by_status_pronto_envio" time="0.319" /><testcase classname="backend.tests.test_new_features.TestPurchaseOrdersWithNFs" name="test_purchase_orders_have_notas_fiscais_fornecedor" time="0.364" /><testcase classname="backend.tests.test_new_features.TestImagensItens" name="test_imagens_mapa_endpoint" time="0.359" /><testcase classname="backend.tests.test_new_features.TestHealthAndVersion" name="test_api_root" time="0.036" /><testcase classname="backend.tests.test_new_features.TestHealthAndVersion" name="test_version_endpoint" time="0.043" /></testsuite></testsuites>