<?xml version="1.0" encoding="utf-8"?><testsuites name="pytest tests"><testsuite name="pytest" errors="0" failures="0" skipped="0" tests="15" time="6.366" timestamp="2026-01-27T12:54:06.989759+00:00" hostname="agent-env-4549e707-3626-4cb9-8e5b-7bc7a9884947"><testcase classname="tests.test_refactored_backend.TestAuthRoutes" name="test_login_admin_success" time="0.334" /><testcase classname="tests.test_refactored_backend.TestAuthRoutes" name="test_login_user_success" time="0.301" /><testcase classname="tests.test_refactored_backend.TestAuthRoutes" name="test_login_invalid_credentials" time="0.057" /><testcase classname="tests.test_refactored_backend.TestAuthRoutes" name="test_get_current_user_profile" time="0.389" /><testcase classname="tests.test_refactored_backend.TestNotificacaoRoutes" name="test_get_notificacoes" time="0.409" /><testcase classname="tests.test_refactored_backend.TestNotificacaoRoutes" name="test_get_notificacoes_count" time="0.379" /><testcase classname="tests.test_refactored_backend.TestNotificacaoRoutes" name="test_marcar_todas_lidas" time="0.356" /><testcase classname="tests.test_refactored_backend.TestRastreioRoutes" name="test_buscar_rastreio" time="1.802" /><testcase classname="tests.test_refactored_backend.TestDashboard" name="test_get_dashboard_stats" time="0.354" /><testcase classname="tests.test_refactored_backend.TestPurchaseOrders" name="test_get_purchase_orders" time="0.364" /><testcase classname="tests.test_refactored_backend.TestPurchaseOrders" name="test_get_items_by_status_em_separacao" time="0.439" /><testcase classname="tests.test_refactored_backend.TestFreteEnvioMultiplo" name="test_frete_envio_multiplo_endpoint_exists" time="0.434" /><testcase classname="tests.test_refactored_backend.TestRastreioMultiplo" name="test_rastreio_multiplo_endpoint_exists" time="0.526" /><testcase classname="tests.test_refactored_backend.TestVersion" name="test_version_endpoint" time="0.081" /><testcase classname="tests.test_refactored_backend.TestHealthCheck" name="test_health_endpoint" time="0.045" /></testsuite></testsuites>