<?xml version="1.0" encoding="utf-8"?><testsuites name="pytest tests"><testsuite name="pytest" errors="0" failures="1" skipped="0" tests="18" time="6.230" timestamp="2026-02-03T21:40:46.676454+00:00" hostname="agent-env-ef4f0029-b84e-42c5-be91-ac4e6dc1e518"><testcase classname="backend.tests.test_pdf_upload_features.TestAuthentication" name="test_admin_login_success" time="0.358" /><testcase classname="backend.tests.test_pdf_upload_features.TestPreviewPDF" name="test_preview_pdf_returns_200" time="0.399" /><testcase classname="backend.tests.test_pdf_upload_features.TestPreviewPDF" name="test_preview_pdf_returns_requisitante_fields" time="0.326" /><testcase classname="backend.tests.test_pdf_upload_features.TestPreviewPDF" name="test_preview_pdf_returns_cnpj_and_data_entrega" time="0.328" /><testcase classname="backend.tests.test_pdf_upload_features.TestPreviewPDF" name="test_preview_pdf_items_have_reference_data" time="0.367" /><testcase classname="backend.tests.test_pdf_upload_features.TestUploadPDF" name="test_upload_pdf_creates_oc" time="0.324" /><testcase classname="backend.tests.test_pdf_upload_features.TestUploadPDF" name="test_upload_pdf_fills_requisitante_fields" time="0.358" /><testcase classname="backend.tests.test_pdf_upload_features.TestUploadPDF" name="test_upload_pdf_fills_cnpj_and_data_entrega" time="0.354" /><testcase classname="backend.tests.test_pdf_upload_features.TestUploadPDF" name="test_upload_pdf_fills_endereco_entrega" time="0.413" /><testcase classname="backend.tests.test_pdf_upload_features.TestUploadPDF" name="test_upload_pdf_items_have_reference_data" time="0.363" /><testcase classname="backend.tests.test_pdf_upload_features.TestUploadPDF" name="test_upload_pdf_saves_pdf_for_download" time="0.363" /><testcase classname="backend.tests.test_pdf_upload_features.TestDownloadPDF" name="test_download_pdf_returns_pdf" time="0.358" /><testcase classname="backend.tests.test_pdf_upload_features.TestDownloadPDF" name="test_download_pdf_returns_valid_pdf_content" time="0.359" /><testcase classname="backend.tests.test_pdf_upload_features.TestDownloadPDF" name="test_download_pdf_404_for_nonexistent_oc" time="0.349" /><testcase classname="backend.tests.test_pdf_upload_features.TestDownloadPDF" name="test_download_pdf_requires_auth" time="0.064" /><testcase classname="backend.tests.test_pdf_upload_features.TestHasPDF" name="test_has_pdf_returns_correct_structure" time="0.432"><failure message="assert 404 == 200&#10; +  where 404 = &lt;Response [404]&gt;.status_code">backend/tests/test_pdf_upload_features.py:591: in test_has_pdf_returns_correct_structure
    assert has_pdf_response.status_code == 200
E   assert 404 == 200
E    +  where 404 = &lt;Response [404]&gt;.status_code</failure></testcase><testcase classname="backend.tests.test_pdf_upload_features.TestHealthAndVersion" name="test_api_root" time="0.036" /><testcase classname="backend.tests.test_pdf_upload_features.TestHealthAndVersion" name="test_version_endpoint" time="0.581" /></testsuite></testsuites>