<?xml version="1.0" encoding="utf-8"?><testsuites name="pytest tests"><testsuite name="pytest" errors="0" failures="0" skipped="0" tests="14" time="0.729" timestamp="2026-01-22T01:06:55.069384+00:00" hostname="agent-env-cbfde3db-1ebf-44fd-ac5e-edd72d8fc13c"><testcase classname="tests.test_estoque_reverter_bug.TestEstoqueQuantidadeCorreta" name="test_estoque_endpoint_returns_200" time="0.345" /><testcase classname="tests.test_estoque_reverter_bug.TestEstoqueQuantidadeCorreta" name="test_estoque_has_item_114641" time="0.052" /><testcase classname="tests.test_estoque_reverter_bug.TestEstoqueQuantidadeCorreta" name="test_estoque_quantidade_correta" time="0.014" /><testcase classname="tests.test_estoque_reverter_bug.TestFluxoCompletoEstoque" name="test_01_verificar_estado_inicial_oc_destino" time="0.017" /><testcase classname="tests.test_estoque_reverter_bug.TestFluxoCompletoEstoque" name="test_02_usar_estoque" time="0.031" /><testcase classname="tests.test_estoque_reverter_bug.TestFluxoCompletoEstoque" name="test_03_verificar_estoque_diminuiu" time="0.054" /><testcase classname="tests.test_estoque_reverter_bug.TestFluxoCompletoEstoque" name="test_04_verificar_item_destino_comprado" time="0.014" /><testcase classname="tests.test_estoque_reverter_bug.TestFluxoCompletoEstoque" name="test_05_verificar_oc_origem_registrou_uso" time="0.011" /><testcase classname="tests.test_estoque_reverter_bug.TestFluxoCompletoEstoque" name="test_06_reverter_para_pendente" time="0.073" /><testcase classname="tests.test_estoque_reverter_bug.TestFluxoCompletoEstoque" name="test_07_verificar_estoque_restaurado" time="0.015" /><testcase classname="tests.test_estoque_reverter_bug.TestFluxoCompletoEstoque" name="test_08_verificar_campos_limpos_item_destino" time="0.011" /><testcase classname="tests.test_estoque_reverter_bug.TestFluxoCompletoEstoque" name="test_09_verificar_campos_limpos_oc_origem" time="0.011" /><testcase classname="tests.test_estoque_reverter_bug.TestCorrigirDadosEndpoint" name="test_limpar_dados_inconsistentes_endpoint" time="0.018" /><testcase classname="tests.test_estoque_reverter_bug.TestCamposLimposAoReverter" name="test_campos_estoque_limpos_em_pendente" time="0.012" /></testsuite></testsuites>