<?xml version="1.0" encoding="utf-8"?><testsuites name="pytest tests"><testsuite name="pytest" errors="0" failures="0" skipped="0" tests="18" time="1.854" timestamp="2026-02-06T20:12:43.374373+00:00" hostname="agent-env-bb6ca60f-7291-4d08-ac3a-4e7b22205210"><testcase classname="backend.tests.test_new_features.TestAuthentication" name="test_admin_login_success" time="0.352" /><testcase classname="backend.tests.test_new_features.TestConfiguracoes" name="test_get_configuracoes_returns_200" time="0.356" /><testcase classname="backend.tests.test_new_features.TestConfiguracoes" name="test_get_configuracoes_returns_required_fields" time="0.039" /><testcase classname="backend.tests.test_new_features.TestConfiguracoes" name="test_patch_configuracoes_updates_values" time="0.153" /><testcase classname="backend.tests.test_new_features.TestResumoLucro" name="test_get_resumo_lucro_returns_200" time="0.040" /><testcase classname="backend.tests.test_new_features.TestResumoLucro" name="test_get_resumo_lucro_returns_required_structure" time="0.041" /><testcase classname="backend.tests.test_new_features.TestResumoLucro" name="test_get_resumo_lucro_resumo_fields" time="0.039" /><testcase classname="backend.tests.test_new_features.TestResumoLucro" name="test_get_resumo_lucro_itens_structure" time="0.041" /><testcase classname="backend.tests.test_new_features.TestResumoLucro" name="test_patch_resumo_lucro_pagamento" time="0.115" /><testcase classname="backend.tests.test_new_features.TestCustosDiversos" name="test_get_custos_diversos_returns_200" time="0.037" /><testcase classname="backend.tests.test_new_features.TestCustosDiversos" name="test_get_custos_diversos_structure" time="0.036" /><testcase classname="backend.tests.test_new_features.TestCustosDiversos" name="test_post_custos_diversos_creates_custo" time="0.079" /><testcase classname="backend.tests.test_new_features.TestCustosDiversos" name="test_delete_custos_diversos_removes_custo" time="0.193" /><testcase classname="backend.tests.test_new_features.TestAdminPanelAccess" name="test_admin_can_access_comissoes" time="0.054" /><testcase classname="backend.tests.test_new_features.TestAdminPanelAccess" name="test_admin_can_access_users" time="0.037" /><testcase classname="backend.tests.test_new_features.TestAdminPanelAccess" name="test_admin_can_access_notas_fiscais" time="0.048" /><testcase classname="backend.tests.test_new_features.TestHealthAndVersion" name="test_health_endpoint" time="0.041" /><testcase classname="backend.tests.test_new_features.TestHealthAndVersion" name="test_version_endpoint" time="0.077" /></testsuite></testsuites>