<?xml version="1.0" encoding="utf-8"?><testsuites name="pytest tests"><testsuite name="pytest" errors="0" failures="0" skipped="0" tests="11" time="0.960" timestamp="2026-01-22T01:34:42.324215+00:00" hostname="agent-env-cbfde3db-1ebf-44fd-ac5e-edd72d8fc13c"><testcase classname="tests.test_new_features.TestImageUploadEndpoint" name="test_upload_image_endpoint_exists" time="0.332" /><testcase classname="tests.test_new_features.TestImageUploadEndpoint" name="test_upload_image_with_valid_file" time="0.041" /><testcase classname="tests.test_new_features.TestImageUploadEndpoint" name="test_get_uploaded_image" time="0.075" /><testcase classname="tests.test_new_features.TestImageUploadEndpoint" name="test_upload_invalid_file_type" time="0.037" /><testcase classname="tests.test_new_features.TestImageUploadEndpoint" name="test_delete_image" time="0.076" /><testcase classname="tests.test_new_features.TestEstoqueImageUrl" name="test_estoque_includes_imagem_url_field" time="0.040" /><testcase classname="tests.test_new_features.TestPlanilhaItensImageUrl" name="test_planilha_itens_includes_imagem_url_field" time="0.052" /><testcase classname="tests.test_new_features.TestPendingItemsEndpoint" name="test_get_purchase_orders_returns_items" time="0.059" /><testcase classname="tests.test_new_features.TestPendingItemsEndpoint" name="test_items_have_codigo_for_grouping" time="0.078" /><testcase classname="tests.test_new_features.TestItemStatusEndpoint" name="test_get_item_by_status_pendente" time="0.077" /><testcase classname="tests.test_new_features.TestImageServing" name="test_get_nonexistent_image_returns_404" time="0.034" /></testsuite></testsuites>