<?xml version="1.0" encoding="utf-8"?><testsuites name="pytest tests"><testsuite name="pytest" errors="0" failures="0" skipped="0" tests="22" time="2.529" timestamp="2026-01-10T03:42:16.605309+00:00" hostname="agent-env-2582d7d4-2bbd-4ae5-bb3f-f1775120facd"><testcase classname="tests.test_em_separacao_nf.TestEmSeparacaoPageLoad" name="test_get_purchase_orders" time="0.371" /><testcase classname="tests.test_em_separacao_nf.TestEmSeparacaoPageLoad" name="test_get_specific_po_with_em_separacao_item" time="0.039" /><testcase classname="tests.test_em_separacao_nf.TestEnderecoEntrega" name="test_update_endereco_entrega" time="0.076" /><testcase classname="tests.test_em_separacao_nf.TestEnderecoEntrega" name="test_restore_original_endereco" time="1.093" /><testcase classname="tests.test_em_separacao_nf.TestNotasFiscaisFornecedor" name="test_upload_nf_fornecedor_xml" time="0.037" /><testcase classname="tests.test_em_separacao_nf.TestNotasFiscaisFornecedor" name="test_download_nf_fornecedor" time="0.078" /><testcase classname="tests.test_em_separacao_nf.TestNotasFiscaisFornecedor" name="test_update_ncm_manually" time="0.039" /><testcase classname="tests.test_em_separacao_nf.TestNotasFiscaisFornecedor" name="test_delete_nf_fornecedor" time="0.033" /><testcase classname="tests.test_em_separacao_nf.TestNotaFiscalRevenda" name="test_upload_nf_revenda" time="0.076" /><testcase classname="tests.test_em_separacao_nf.TestNotaFiscalRevenda" name="test_verify_nf_revenda_stored" time="0.035" /><testcase classname="tests.test_em_separacao_nf.TestNotaFiscalRevenda" name="test_download_nf_revenda" time="0.032" /><testcase classname="tests.test_em_separacao_nf.TestNotaFiscalRevenda" name="test_delete_nf_revenda" time="0.040" /><testcase classname="tests.test_em_separacao_nf.TestNotaFiscalRevenda" name="test_verify_nf_revenda_deleted" time="0.034" /><testcase classname="tests.test_em_separacao_nf.TestNFEmitidaCheckbox" name="test_toggle_nf_emitida_on" time="0.069" /><testcase classname="tests.test_em_separacao_nf.TestNFEmitidaCheckbox" name="test_toggle_nf_emitida_off" time="0.070" /><testcase classname="tests.test_em_separacao_nf.TestNFEmitidaCheckbox" name="test_restore_nf_emitida_state" time="0.037" /><testcase classname="tests.test_em_separacao_nf.TestNCMExtraction" name="test_ncm_extraction_from_xml_with_namespace" time="0.077" /><testcase classname="tests.test_em_separacao_nf.TestNCMExtraction" name="test_manual_ncm_overrides_extraction" time="0.068" /><testcase classname="tests.test_em_separacao_nf.TestErrorHandling" name="test_invalid_po_id" time="0.037" /><testcase classname="tests.test_em_separacao_nf.TestErrorHandling" name="test_invalid_item_index" time="0.035" /><testcase classname="tests.test_em_separacao_nf.TestErrorHandling" name="test_invalid_tipo" time="0.034" /><testcase classname="tests.test_em_separacao_nf.TestErrorHandling" name="test_download_nonexistent_nf" time="0.036" /></testsuite></testsuites>